<?xml version="1.0" encoding="UTF-8"?>
<!-- Generated by org.testng.reporters.JUnitXMLReporter -->
<testsuite ignored="2" hostname="LAPTOP-3UJ4P4HJ" failures="0" tests="1" name="Default test" time="37.976" errors="0" timestamp="2026-01-11T11:44:51 IST">
  <testcase classname="TournamentSorting" name="sortTournamentsByNameAscending" time="14.038"/>
  <testcase classname="TournamentSorting" name="verifySortingPersistsAfterRefresh" time="0.0">
    <ignored/>
  </testcase> <!-- verifySortingPersistsAfterRefresh -->
  <testcase classname="TournamentSorting" name="sortTournamentsByNameDescending" time="0.0">
    <ignored/>
  </testcase> <!-- sortTournamentsByNameDescending -->
</testsuite> <!-- Default test -->
