<?xml version="1.0" encoding="UTF-8"?>
<testng-results ignored="2" total="3" passed="1" failed="0" skipped="0">
  <reporter-output>
  </reporter-output>
  <suite started-at="2026-01-11T11:44:13 IST" name="Default suite" finished-at="2026-01-11T11:44:51 IST" duration-ms="37976">
    <groups>
    </groups>
    <test started-at="2026-01-11T11:44:13 IST" name="Default test" finished-at="2026-01-11T11:44:51 IST" duration-ms="37976">
      <class name="TournamentSorting">
        <test-method is-config="true" signature="setUp()[pri:0, instance:TournamentSorting@702b8b12]" started-at="2026-01-11T11:44:13 IST" name="setUp" finished-at="2026-01-11T11:44:37 IST" duration-ms="23380" status="PASS">
          <reporter-output>
          </reporter-output>
        </test-method> <!-- setUp -->
        <test-method signature="sortTournamentsByNameAscending()[pri:0, instance:TournamentSorting@702b8b12]" started-at="2026-01-11T11:44:37 IST" name="sortTournamentsByNameAscending" finished-at="2026-01-11T11:44:51 IST" duration-ms="14038" status="PASS">
          <reporter-output>
          </reporter-output>
        </test-method> <!-- sortTournamentsByNameAscending -->
        <test-method is-config="true" signature="tearDown()[pri:0, instance:TournamentSorting@702b8b12]" started-at="2026-01-11T11:44:51 IST" name="tearDown" finished-at="2026-01-11T11:44:51 IST" duration-ms="497" status="PASS">
          <reporter-output>
          </reporter-output>
        </test-method> <!-- tearDown -->
      </class> <!-- TournamentSorting -->
    </test> <!-- Default test -->
  </suite> <!-- Default suite -->
</testng-results>
