<?xml version="1.0" encoding="UTF-8"?>
<!-- Generated by org.testng.reporters.JUnitReportReporter -->
<testsuite hostname="LAPTOP-3UJ4P4HJ" failures="0" tests="7" name="TournamentFilter" time="163.920" errors="0" timestamp="2026-01-11T11:42:05 IST" skipped="0">
  <testcase classname="TournamentFilter" name="filterByExactTournamentName" time="21.357"/>
  <system-out/>
  <testcase classname="TournamentFilter" name="filterByPartialTournamentName" time="19.075"/>
  <system-out/>
  <testcase classname="TournamentFilter" name="filterIsCaseInsensitive" time="19.253"/>
  <system-out/>
  <testcase classname="TournamentFilter" name="filterWithNoMatchingResults" time="20.614"/>
  <system-out/>
  <testcase classname="TournamentFilter" name="filterWithSpecialCharacters" time="23.395"/>
  <system-out/>
  <testcase classname="TournamentFilter" name="clearFilterRestoresAllTournaments" time="31.754"/>
  <system-out/>
  <testcase classname="TournamentFilter" name="filterPersistenceAfterRefresh" time="28.472"/>
  <system-out/>
</testsuite> <!-- TournamentFilter -->
